TN:
SF:src/server.ts
FN:8,connectDB
FNF:1
FNH:1
FNDA:1,connectDB
DA:1,1
DA:3,1
DA:4,1
DA:5,1
DA:6,1
DA:8,1
DA:9,1
DA:10,1
DA:11,0
DA:18,1
DA:20,1
DA:22,1
DA:24,1
DA:26,1
DA:27,1
DA:29,1
LF:16
LH:15
BRF:0
BRH:0
end_of_record
TN:
SF:src/config/db.ts
FNF:0
FNH:0
DA:1,1
DA:2,1
DA:3,1
DA:5,1
LF:4
LH:4
BRF:0
BRH:0
end_of_record
TN:
SF:src/config/limiter.ts
FNF:0
FNH:0
DA:1,1
DA:3,1
LF:2
LH:2
BRDA:5,0,0,0
BRDA:5,0,1,1
BRF:2
BRH:1
end_of_record
TN:
SF:src/config/nodemailer.ts
FN:5,(anonymous_1)
FNF:1
FNH:1
FNDA:2,(anonymous_1)
DA:1,2
DA:2,2
DA:3,2
DA:5,2
DA:6,2
DA:16,2
LF:6
LH:6
BRF:0
BRH:0
end_of_record
TN:
SF:src/controllers/AuthController.ts
FN:9,(anonymous_1)
FN:44,(anonymous_2)
FN:59,(anonymous_3)
FN:84,(anonymous_4)
FN:105,(anonymous_5)
FN:117,(anonymous_6)
FN:135,(anonymous_7)
FN:139,(anonymous_8)
FN:156,(anonymous_9)
FN:170,(anonymous_10)
FNF:10
FNH:3
FNDA:5,(anonymous_1)
FNDA:1,(anonymous_2)
FNDA:14,(anonymous_3)
FNDA:0,(anonymous_4)
FNDA:0,(anonymous_5)
FNDA:0,(anonymous_6)
FNDA:0,(anonymous_7)
FNDA:0,(anonymous_8)
FNDA:0,(anonymous_9)
FNDA:0,(anonymous_10)
DA:2,2
DA:3,2
DA:4,2
DA:5,2
DA:6,2
DA:8,2
DA:9,2
DA:11,5
DA:14,5
DA:15,3
DA:16,2
DA:17,2
DA:20,1
DA:21,1
DA:22,1
DA:23,1
DA:24,1
DA:26,1
DA:27,1
DA:30,1
DA:31,1
DA:37,1
DA:40,0
DA:44,2
DA:45,1
DA:47,1
DA:48,0
DA:49,0
DA:50,0
DA:52,0
DA:53,0
DA:54,0
DA:56,0
DA:59,2
DA:60,14
DA:63,14
DA:64,8
DA:65,1
DA:66,1
DA:69,7
DA:70,3
DA:71,3
DA:74,4
DA:75,4
DA:76,2
DA:77,2
DA:80,2
DA:81,2
DA:84,2
DA:85,0
DA:88,0
DA:89,0
DA:90,0
DA:91,0
DA:93,0
DA:94,0
DA:96,0
DA:102,0
DA:105,2
DA:106,0
DA:108,0
DA:109,0
DA:110,0
DA:111,0
DA:114,0
DA:117,2
DA:118,0
DA:119,0
DA:121,0
DA:122,0
DA:123,0
DA:124,0
DA:128,0
DA:129,0
DA:130,0
DA:132,0
DA:135,2
DA:136,0
DA:139,2
DA:140,0
DA:141,0
DA:143,0
DA:145,0
DA:146,0
DA:147,0
DA:148,0
DA:150,0
DA:151,0
DA:153,0
DA:156,2
DA:157,0
DA:158,0
DA:160,0
DA:162,0
DA:163,0
DA:164,0
DA:165,0
DA:167,0
DA:170,2
DA:172,0
DA:174,0
DA:175,0
DA:177,0
DA:178,0
DA:179,0
DA:182,0
DA:185,0
DA:187,0
LF:108
LH:47
BRDA:15,0,0,2
BRDA:26,1,0,1
BRDA:48,2,0,0
BRDA:64,3,0,1
BRDA:69,4,0,3
BRDA:75,5,0,2
BRDA:89,6,0,0
BRDA:109,7,0,0
BRDA:122,8,0,0
BRDA:146,9,0,0
BRDA:163,10,0,0
BRDA:177,11,0,0
BRDA:177,12,0,0
BRDA:177,12,1,0
BRF:14
BRH:5
end_of_record
TN:
SF:src/controllers/BudgetController.ts
FN:6,(anonymous_1)
FN:23,(anonymous_2)
FN:35,(anonymous_3)
FN:42,(anonymous_4)
FN:47,(anonymous_5)
FNF:5
FNH:5
FNDA:4,(anonymous_1)
FNDA:2,(anonymous_2)
FNDA:3,(anonymous_3)
FNDA:1,(anonymous_4)
FNDA:1,(anonymous_5)
DA:2,2
DA:3,2
DA:5,2
DA:6,2
DA:7,4
DA:8,4
DA:16,3
DA:19,1
DA:23,2
DA:24,2
DA:25,2
DA:26,1
DA:27,1
DA:28,1
DA:31,1
DA:35,2
DA:36,3
DA:39,3
DA:42,2
DA:43,1
DA:44,1
DA:47,2
DA:48,1
DA:49,1
LF:24
LH:24
BRF:0
BRH:0
end_of_record
TN:
SF:src/controllers/ExpenseController.ts
FN:6,(anonymous_1)
FN:18,(anonymous_2)
FN:22,(anonymous_3)
FN:27,(anonymous_4)
FNF:4
FNH:4
FNDA:2,(anonymous_1)
FNDA:1,(anonymous_2)
FNDA:1,(anonymous_3)
FNDA:1,(anonymous_4)
DA:2,2
DA:5,2
DA:6,2
DA:7,2
DA:8,2
DA:9,1
DA:10,1
DA:11,1
DA:14,1
DA:18,2
DA:19,1
DA:22,2
DA:23,1
DA:24,1
DA:27,2
DA:28,1
DA:29,1
LF:17
LH:17
BRF:0
BRH:0
end_of_record
TN:
SF:src/emails/AuthEmail.ts
FN:10,(anonymous_0)
FN:24,(anonymous_1)
FNF:2
FNH:0
FNDA:0,(anonymous_0)
FNDA:0,(anonymous_1)
DA:1,2
DA:9,2
DA:10,2
DA:11,0
DA:24,2
DA:25,0
LF:6
LH:4
BRF:0
BRH:0
end_of_record
TN:
SF:src/middleware/auth.ts
FN:13,(anonymous_1)
FNF:1
FNH:0
FNDA:0,(anonymous_1)
DA:2,1
DA:3,1
DA:13,1
DA:14,0
DA:16,0
DA:17,0
DA:18,0
DA:21,0
DA:22,0
DA:23,0
DA:24,0
DA:27,0
DA:28,0
DA:29,0
DA:30,0
DA:33,0
DA:36,0
LF:17
LH:3
BRDA:16,0,0,0
BRDA:22,1,0,0
BRDA:29,2,0,0
BRDA:29,3,0,0
BRDA:29,3,1,0
BRF:5
BRH:0
end_of_record
TN:
SF:src/middleware/budget.ts
FN:13,(anonymous_1)
FN:16,(anonymous_2)
FN:27,(anonymous_3)
FN:44,(anonymous_4)
FN:52,(anonymous_5)
FN:57,hasAccess
FNF:6
FNH:2
FNDA:0,(anonymous_1)
FNDA:0,(anonymous_2)
FNDA:3,(anonymous_3)
FNDA:0,(anonymous_4)
FNDA:0,(anonymous_5)
FNDA:3,hasAccess
DA:2,3
DA:3,3
DA:13,3
DA:14,0
DA:16,0
DA:19,0
DA:21,0
DA:22,0
DA:24,0
DA:27,3
DA:28,3
DA:29,3
DA:30,3
DA:32,2
DA:33,1
DA:34,1
DA:36,1
DA:37,1
DA:40,1
DA:44,3
DA:46,0
DA:49,0
DA:52,0
DA:54,0
DA:57,3
DA:58,3
DA:59,2
DA:60,2
DA:62,1
LF:29
LH:19
BRDA:21,0,0,0
BRDA:32,1,0,1
BRDA:58,2,0,2
BRF:3
BRH:2
end_of_record
TN:
SF:src/middleware/expense.ts
FN:13,(anonymous_1)
FN:21,(anonymous_2)
FN:26,(anonymous_3)
FN:27,(anonymous_4)
FN:38,(anonymous_5)
FN:55,(anonymous_6)
FNF:6
FNH:1
FNDA:0,(anonymous_1)
FNDA:0,(anonymous_2)
FNDA:0,(anonymous_3)
FNDA:0,(anonymous_4)
FNDA:3,(anonymous_5)
FNDA:0,(anonymous_6)
DA:2,2
DA:3,2
DA:13,2
DA:15,0
DA:18,0
DA:21,0
DA:23,0
DA:26,2
DA:27,0
DA:31,0
DA:32,0
DA:33,0
DA:35,0
DA:38,2
DA:39,3
DA:40,3
DA:41,3
DA:43,2
DA:44,1
DA:45,1
DA:47,1
DA:48,1
DA:51,1
DA:55,2
DA:56,0
DA:57,0
DA:58,0
DA:60,0
LF:28
LH:15
BRDA:32,0,0,0
BRDA:43,1,0,1
BRDA:56,2,0,0
BRF:3
BRH:1
end_of_record
TN:
SF:src/middleware/validation.ts
FN:4,(anonymous_0)
FNF:1
FNH:1
FNDA:21,(anonymous_0)
DA:2,1
DA:4,1
DA:5,21
DA:6,21
DA:7,7
DA:9,14
LF:6
LH:6
BRDA:6,0,0,7
BRF:1
BRH:1
end_of_record
TN:
SF:src/models/Budget.ts
FN:22,(anonymous_3)
FN:28,(anonymous_4)
FN:31,(anonymous_5)
FNF:3
FNH:3
FNDA:2,(anonymous_3)
FNDA:2,(anonymous_4)
FNDA:2,(anonymous_5)
DA:1,3
DA:2,3
DA:3,3
DA:9,3
DA:14,3
DA:20,3
DA:22,2
DA:26,3
DA:28,2
DA:29,3
DA:31,2
DA:32,3
DA:35,3
LF:13
LH:13
BRF:0
BRH:0
end_of_record
TN:
SF:src/models/Expense.ts
FN:21,(anonymous_3)
FN:24,(anonymous_4)
FNF:2
FNH:2
FNDA:2,(anonymous_3)
FNDA:2,(anonymous_4)
DA:1,3
DA:2,3
DA:8,3
DA:13,3
DA:19,3
DA:21,2
DA:22,3
DA:24,2
DA:25,3
DA:27,3
LF:10
LH:10
BRF:0
BRH:0
end_of_record
TN:
SF:src/models/User.ts
FN:39,(anonymous_3)
FNF:1
FNH:1
FNDA:2,(anonymous_3)
DA:1,3
DA:2,3
DA:8,3
DA:13,3
DA:19,3
DA:26,3
DA:31,3
DA:37,3
DA:39,2
DA:43,3
DA:46,3
LF:11
LH:11
BRF:0
BRH:0
end_of_record
TN:
SF:src/routes/authRouter.ts
FNF:0
FNH:0
DA:1,1
DA:2,1
DA:3,1
DA:4,1
DA:5,1
DA:6,1
DA:8,1
DA:10,1
DA:12,1
DA:23,1
DA:31,1
DA:40,1
DA:47,1
DA:56,1
DA:67,1
DA:72,1
DA:77,1
DA:87,1
DA:96,1
LF:19
LH:19
BRF:0
BRH:0
end_of_record
TN:
SF:src/routes/budgetRouter.ts
FNF:0
FNH:0
DA:1,1
DA:2,1
DA:3,1
DA:4,1
DA:5,1
DA:6,1
DA:7,1
DA:9,1
DA:11,1
DA:13,1
DA:14,1
DA:15,1
DA:17,1
DA:18,1
DA:19,1
DA:21,1
DA:23,1
DA:29,1
DA:31,1
DA:37,1
DA:40,1
DA:45,1
DA:46,1
DA:51,1
DA:54,1
LF:25
LH:25
BRF:0
BRH:0
end_of_record
TN:
SF:src/tests/mocks/budgets.ts
FNF:0
FNH:0
DA:1,3
LF:1
LH:1
BRF:0
BRH:0
end_of_record
TN:
SF:src/tests/mocks/expenses.ts
FNF:0
FNH:0
DA:1,2
LF:1
LH:1
BRF:0
BRH:0
end_of_record
TN:
SF:src/utils/auth.ts
FN:3,(anonymous_1)
FN:8,(anonymous_2)
FNF:2
FNH:0
FNDA:0,(anonymous_1)
FNDA:0,(anonymous_2)
DA:1,2
DA:3,2
DA:4,0
DA:5,0
DA:8,2
DA:9,0
LF:6
LH:3
BRF:0
BRH:0
end_of_record
TN:
SF:src/utils/jwt.ts
FN:3,(anonymous_1)
FNF:1
FNH:0
FNDA:0,(anonymous_1)
DA:1,2
DA:3,2
DA:4,0
DA:7,0
LF:4
LH:2
BRF:0
BRH:0
end_of_record
TN:
SF:src/utils/token.ts
FN:1,(anonymous_0)
FNF:1
FNH:0
FNDA:0,(anonymous_0)
DA:1,2
LF:1
LH:1
BRF:0
BRH:0
end_of_record
